This file contains any messages produced by compilers while
running configure, to aid debugging if configure makes a mistake.

It was created by yadifa configure 2.0.4-4585, which was
generated by GNU Autoconf 2.69.  Invocation command line was

  $ ./configure --prefix=/tmp/y204b

## --------- ##
## Platform. ##
## --------- ##

hostname = ericdf
uname -m = x86_64
uname -r = 3.17.4-1-ARCH
uname -s = Linux
uname -v = #1 SMP PREEMPT Fri Nov 21 21:14:42 CET 2014

/usr/bin/uname -p = unknown
/bin/uname -X     = unknown

/bin/arch              = unknown
/usr/bin/arch -k       = unknown
/usr/convex/getsysinfo = unknown
/usr/bin/hostinfo      = unknown
/bin/machine           = unknown
/usr/bin/oslevel       = unknown
/bin/universe          = unknown

PATH: /home/ericdf/GNUstep/Tools
PATH: /usr/local/sbin
PATH: /usr/local/bin
PATH: /usr/bin
PATH: /usr/lib/jvm/default/bin
PATH: /usr/bin/site_perl
PATH: /usr/bin/vendor_perl
PATH: /usr/bin/core_perl
PATH: /home/ericdf/bin


## ----------- ##
## Core tests. ##
## ----------- ##

configure:2559: checking for a BSD-compatible install
configure:2627: result: /usr/bin/install -c
configure:2638: checking whether build environment is sane
configure:2693: result: yes
configure:2844: checking for a thread-safe mkdir -p
configure:2883: result: /usr/bin/mkdir -p
configure:2890: checking for gawk
configure:2906: found /usr/bin/gawk
configure:2917: result: gawk
configure:2928: checking whether make sets $(MAKE)
configure:2950: result: yes
configure:2979: checking whether make supports nested variables
configure:2996: result: yes
configure:3075: checking how to create a pax tar archive
configure:3086: tar --version
tar (GNU tar) 1.28
Copyright (C) 2014 Free Software Foundation, Inc.
License GPLv3+: GNU GPL version 3 or later <http://gnu.org/licenses/gpl.html>.
This is free software: you are free to change and redistribute it.
There is NO WARRANTY, to the extent permitted by law.

Written by John Gilmore and Jay Fenlason.
configure:3089: $? = 0
configure:3129: tardir=conftest.dir && eval tar --format=posix -chf - "$tardir" >conftest.tar
configure:3132: $? = 0
configure:3136: tar -xf - <conftest.tar
configure:3139: $? = 0
configure:3141: cat conftest.dir/file
GrepMe
configure:3144: $? = 0
configure:3157: result: gnutar
configure:3225: checking if tools has to be build
configure:3254: result: yes
configure:3326: checking build system type
configure:3340: result: x86_64-unknown-linux-gnu
configure:3360: checking host system type
configure:3373: result: x86_64-unknown-linux-gnu
configure:3414: checking how to print strings
configure:3441: result: printf
configure:3474: checking for style of include used by make
configure:3502: result: GNU
configure:3573: checking for gcc
configure:3589: found /usr/bin/gcc
configure:3600: result: gcc
configure:3829: checking for C compiler version
configure:3838: gcc --version >&5
gcc (GCC) 4.9.2
Copyright (C) 2014 Free Software Foundation, Inc.
This is free software; see the source for copying conditions.  There is NO
warranty; not even for MERCHANTABILITY or FITNESS FOR A PARTICULAR PURPOSE.

configure:3849: $? = 0
configure:3838: gcc -v >&5
Using built-in specs.
COLLECT_GCC=gcc
COLLECT_LTO_WRAPPER=/usr/lib/gcc/x86_64-unknown-linux-gnu/4.9.2/lto-wrapper
Target: x86_64-unknown-linux-gnu
Configured with: /build/gcc-multilib/src/gcc-4.9.2/configure --prefix=/usr --libdir=/usr/lib --libexecdir=/usr/lib --mandir=/usr/share/man --infodir=/usr/share/info --with-bugurl=https://bugs.archlinux.org/ --enable-languages=c,c++,ada,fortran,go,lto,objc,obj-c++ --enable-shared --enable-threads=posix --with-system-zlib --enable-__cxa_atexit --disable-libunwind-exceptions --enable-clocale=gnu --disable-libstdcxx-pch --disable-libssp --enable-gnu-unique-object --enable-linker-build-id --enable-cloog-backend=isl --enable-lto --enable-plugin --enable-install-libiberty --with-linker-hash-style=gnu --enable-multilib --disable-werror --enable-checking=release
Thread model: posix
gcc version 4.9.2 (GCC) 
configure:3849: $? = 0
configure:3838: gcc -V >&5
gcc: error: unrecognized command line option '-V'
gcc: fatal error: no input files
compilation terminated.
configure:3849: $? = 1
configure:3838: gcc -qversion >&5
gcc: error: unrecognized command line option '-qversion'
gcc: fatal error: no input files
compilation terminated.
configure:3849: $? = 1
configure:3869: checking whether the C compiler works
configure:3891: gcc    conftest.c  >&5
configure:3895: $? = 0
configure:3943: result: yes
configure:3946: checking for C compiler default output file name
configure:3948: result: a.out
configure:3954: checking for suffix of executables
configure:3961: gcc -o conftest    conftest.c  >&5
configure:3965: $? = 0
configure:3987: result: 
configure:4009: checking whether we are cross compiling
configure:4017: gcc -o conftest    conftest.c  >&5
configure:4021: $? = 0
configure:4028: ./conftest
configure:4032: $? = 0
configure:4047: result: no
configure:4052: checking for suffix of object files
configure:4074: gcc -c   conftest.c >&5
configure:4078: $? = 0
configure:4099: result: o
configure:4103: checking whether we are using the GNU C compiler
configure:4122: gcc -c   conftest.c >&5
configure:4122: $? = 0
configure:4131: result: yes
configure:4140: checking whether gcc accepts -g
configure:4160: gcc -c -g  conftest.c >&5
configure:4160: $? = 0
configure:4201: result: yes
configure:4218: checking for gcc option to accept ISO C89
configure:4281: gcc  -c -g -O2  conftest.c >&5
configure:4281: $? = 0
configure:4294: result: none needed
configure:4319: checking whether gcc understands -c and -o together
configure:4341: gcc -c conftest.c -o conftest2.o
configure:4344: $? = 0
configure:4341: gcc -c conftest.c -o conftest2.o
configure:4344: $? = 0
configure:4356: result: yes
configure:4375: checking dependency style of gcc
configure:4486: result: none
configure:4501: checking for a sed that does not truncate output
configure:4565: result: /usr/bin/sed
configure:4583: checking for grep that handles long lines and -e
configure:4641: result: /usr/bin/grep
configure:4646: checking for egrep
configure:4708: result: /usr/bin/grep -E
configure:4713: checking for fgrep
configure:4775: result: /usr/bin/grep -F
configure:4810: checking for ld used by gcc
configure:4877: result: /usr/bin/ld
configure:4884: checking if the linker (/usr/bin/ld) is GNU ld
configure:4899: result: yes
configure:4911: checking for BSD- or MS-compatible name lister (nm)
configure:4960: result: /usr/bin/nm -B
configure:5090: checking the name lister (/usr/bin/nm -B) interface
configure:5097: gcc -c -g -O2  conftest.c >&5
configure:5100: /usr/bin/nm -B "conftest.o"
configure:5103: output
0000000000000000 B some_variable
configure:5110: result: BSD nm
configure:5113: checking whether ln -s works
configure:5117: result: yes
configure:5125: checking the maximum length of command line arguments
configure:5255: result: 1572864
configure:5272: checking whether the shell understands some XSI constructs
configure:5282: result: yes
configure:5286: checking whether the shell understands "+="
configure:5292: result: yes
configure:5327: checking how to convert x86_64-unknown-linux-gnu file names to x86_64-unknown-linux-gnu format
configure:5367: result: func_convert_file_noop
configure:5374: checking how to convert x86_64-unknown-linux-gnu file names to toolchain format
configure:5394: result: func_convert_file_noop
configure:5401: checking for /usr/bin/ld option to reload object files
configure:5408: result: -r
configure:5482: checking for objdump
configure:5498: found /usr/bin/objdump
configure:5509: result: objdump
configure:5541: checking how to recognize dependent libraries
configure:5743: result: pass_all
configure:5828: checking for dlltool
configure:5858: result: no
configure:5888: checking how to associate runtime and link libraries
configure:5915: result: printf %s\n
configure:5976: checking for ar
configure:5992: found /usr/bin/ar
configure:6003: result: ar
configure:6040: checking for archiver @FILE support
configure:6057: gcc -c -g -O2  conftest.c >&5
configure:6057: $? = 0
configure:6060: ar cru libconftest.a @conftest.lst >&5
configure:6063: $? = 0
configure:6068: ar cru libconftest.a @conftest.lst >&5
ar: conftest.o: No such file or directory
configure:6071: $? = 1
configure:6083: result: @
configure:6141: checking for strip
configure:6157: found /usr/bin/strip
configure:6168: result: strip
configure:6240: checking for ranlib
configure:6256: found /usr/bin/ranlib
configure:6267: result: ranlib
configure:6369: checking command to parse /usr/bin/nm -B output from gcc object
configure:6489: gcc -c -g -O2  conftest.c >&5
configure:6492: $? = 0
configure:6496: /usr/bin/nm -B conftest.o \| sed -n -e 's/^.*[ ]\([ABCDGIRSTW][ABCDGIRSTW]*\)[ ][ ]*\([_A-Za-z][_A-Za-z0-9]*\)$/\1 \2 \2/p' | sed '/ __gnu_lto/d' \> conftest.nm
configure:6499: $? = 0
configure:6565: gcc -o conftest -g -O2   conftest.c conftstm.o >&5
configure:6568: $? = 0
configure:6606: result: ok
configure:6643: checking for sysroot
configure:6673: result: no
configure:6750: gcc -c -g -O2  conftest.c >&5
configure:6753: $? = 0
configure:6929: checking for mt
configure:6959: result: no
configure:6979: checking if : is a manifest tool
configure:6985: : '-?'
configure:6993: result: no
configure:7635: checking how to run the C preprocessor
configure:7666: gcc -E  conftest.c
configure:7666: $? = 0
configure:7680: gcc -E  conftest.c
conftest.c:12:28: fatal error: ac_nonexistent.h: No such file or directory
 #include <ac_nonexistent.h>
                            ^
compilation terminated.
configure:7680: $? = 1
configure: failed program was:
| /* confdefs.h */
| #define PACKAGE_NAME "yadifa"
| #define PACKAGE_TARNAME "yadifa"
| #define PACKAGE_VERSION "2.0.4-4585"
| #define PACKAGE_STRING "yadifa 2.0.4-4585"
| #define PACKAGE_BUGREPORT "info@yadifa.eu"
| #define PACKAGE_URL ""
| #define PACKAGE "yadifa"
| #define VERSION "2.0.4-4585"
| #define HAS_TOOLS 1
| /* end confdefs.h.  */
| #include <ac_nonexistent.h>
configure:7705: result: gcc -E
configure:7725: gcc -E  conftest.c
configure:7725: $? = 0
configure:7739: gcc -E  conftest.c
conftest.c:12:28: fatal error: ac_nonexistent.h: No such file or directory
 #include <ac_nonexistent.h>
                            ^
compilation terminated.
configure:7739: $? = 1
configure: failed program was:
| /* confdefs.h */
| #define PACKAGE_NAME "yadifa"
| #define PACKAGE_TARNAME "yadifa"
| #define PACKAGE_VERSION "2.0.4-4585"
| #define PACKAGE_STRING "yadifa 2.0.4-4585"
| #define PACKAGE_BUGREPORT "info@yadifa.eu"
| #define PACKAGE_URL ""
| #define PACKAGE "yadifa"
| #define VERSION "2.0.4-4585"
| #define HAS_TOOLS 1
| /* end confdefs.h.  */
| #include <ac_nonexistent.h>
configure:7768: checking for ANSI C header files
configure:7788: gcc -c -g -O2  conftest.c >&5
configure:7788: $? = 0
configure:7861: gcc -o conftest -g -O2   conftest.c  >&5
configure:7861: $? = 0
configure:7861: ./conftest
configure:7861: $? = 0
configure:7872: result: yes
configure:7885: checking for sys/types.h
configure:7885: gcc -c -g -O2  conftest.c >&5
configure:7885: $? = 0
configure:7885: result: yes
configure:7885: checking for sys/stat.h
configure:7885: gcc -c -g -O2  conftest.c >&5
configure:7885: $? = 0
configure:7885: result: yes
configure:7885: checking for stdlib.h
configure:7885: gcc -c -g -O2  conftest.c >&5
configure:7885: $? = 0
configure:7885: result: yes
configure:7885: checking for string.h
configure:7885: gcc -c -g -O2  conftest.c >&5
configure:7885: $? = 0
configure:7885: result: yes
configure:7885: checking for memory.h
configure:7885: gcc -c -g -O2  conftest.c >&5
configure:7885: $? = 0
configure:7885: result: yes
configure:7885: checking for strings.h
configure:7885: gcc -c -g -O2  conftest.c >&5
configure:7885: $? = 0
configure:7885: result: yes
configure:7885: checking for inttypes.h
configure:7885: gcc -c -g -O2  conftest.c >&5
configure:7885: $? = 0
configure:7885: result: yes
configure:7885: checking for stdint.h
configure:7885: gcc -c -g -O2  conftest.c >&5
configure:7885: $? = 0
configure:7885: result: yes
configure:7885: checking for unistd.h
configure:7885: gcc -c -g -O2  conftest.c >&5
configure:7885: $? = 0
configure:7885: result: yes
configure:7899: checking for dlfcn.h
configure:7899: gcc -c -g -O2  conftest.c >&5
configure:7899: $? = 0
configure:7899: result: yes
configure:8104: checking for objdir
configure:8119: result: .libs
configure:8386: checking if gcc supports -fno-rtti -fno-exceptions
configure:8404: gcc -c -g -O2  -fno-rtti -fno-exceptions conftest.c >&5
cc1: warning: command line option '-fno-rtti' is valid for C++/ObjC++ but not for C
configure:8408: $? = 0
configure:8421: result: no
configure:8748: checking for gcc option to produce PIC
configure:8755: result: -fPIC -DPIC
configure:8763: checking if gcc PIC flag -fPIC -DPIC works
configure:8781: gcc -c -g -O2  -fPIC -DPIC -DPIC conftest.c >&5
configure:8785: $? = 0
configure:8798: result: yes
configure:8827: checking if gcc static flag -static works
configure:8855: result: yes
configure:8870: checking if gcc supports -c -o file.o
configure:8891: gcc -c -g -O2  -o out/conftest2.o conftest.c >&5
configure:8895: $? = 0
configure:8917: result: yes
configure:8925: checking if gcc supports -c -o file.o
configure:8972: result: yes
configure:9005: checking whether the gcc linker (/usr/bin/ld -m elf_x86_64) supports shared libraries
configure:10158: result: yes
configure:10398: checking dynamic linker characteristics
configure:10909: gcc -o conftest -g -O2   -Wl,-rpath -Wl,/foo conftest.c  >&5
configure:10909: $? = 0
configure:11131: result: GNU/Linux ld.so
configure:11238: checking how to hardcode library paths into programs
configure:11263: result: immediate
configure:11803: checking whether stripping libraries is possible
configure:11808: result: yes
configure:11843: checking if libtool supports shared libraries
configure:11845: result: yes
configure:11848: checking whether to build shared libraries
configure:11869: result: no
configure:11872: checking whether to build static libraries
configure:11876: result: yes
configure:11941: result: nothing to do
configure:11963: checking for special C compiler options needed for large files
configure:12008: result: no
configure:12014: checking for _FILE_OFFSET_BITS value needed for large files
configure:12039: gcc -c -g -O2  conftest.c >&5
configure:12039: $? = 0
configure:12071: result: no
configure:12166: checking what kind of OS this is
configure:12191: result: Linux
configure:12376: checking checking for the CPU options
configure:12421: result: AMD/Intel
configure:12473: checking if force 32 bits is enabled
configure:12490: result: no
configure:12508: checking if force 64 bits is enabled
configure:12525: result: no
configure:12906: checking if compiler supports -mtune=native
configure:12949: result: yes
configure:12960: checking if compiler supports -fno-ident
configure:13003: result: yes
configure:13014: checking if compiler supports -ansi
configure:13057: result: yes
configure:13068: checking if compiler supports -ansi-alias
configure:13100: result: no
configure:13122: checking if compiler supports -pedantic
configure:13165: result: yes
configure:13176: checking if compiler supports -std=gnu99
configure:13219: result: yes
configure:13230: checking if compiler supports -std=c99
configure:13273: result: yes
configure:13284: checking if compiler supports -xc99
configure:13316: result: no
configure:13338: checking if compiler supports -m32
configure:13381: result: yes
configure:13392: checking if compiler supports -m64
configure:13435: result: yes
configure:13446: checking if compiler supports -Wall
configure:13489: result: yes
configure:13500: checking if compiler supports -g
configure:13543: result: yes
configure:13554: checking if compiler supports -g3
configure:13597: result: yes
configure:13608: checking if compiler supports -gdwarf-2
configure:13651: result: yes
configure:13662: checking if compiler supports -gdwarf-3
configure:13705: result: yes
configure:13716: checking if compiler supports -gdwarf-4
configure:13759: result: yes
configure:13770: checking if compiler supports -fstack-protector --param=ssp-buffer-size=4
configure:13813: result: yes
configure:13824: checking if compiler supports -fexceptions
configure:13867: result: yes
configure:13878: checking if compiler supports -Werror=missing-field-initializers
configure:13921: result: yes
configure:13932: checking if compiler supports -fsanitize=address
configure:13975: result: yes
configure:13986: checking if compiler supports -fno-omit-frame-pointer
configure:14029: result: yes
configure:14040: checking if compiler supports -faddress-sanitizer
configure:14072: result: no
configure:14094: checking if compiler supports -fcatch_undefined_behavior
configure:14126: result: no
configure:14148: checking if compiler supports -rdynamic
configure:14191: result: yes
configure:14200: checking checking if memory accesses must be size-aligned
configure:14233: result: no
configure:14258: checking endianness: 
configure:14400: result: little
configure:14428: checking for stdlib.h
configure:14428: result: yes
configure:14440: checking stdio.h usability
configure:14440: gcc -c   conftest.c >&5
configure:14440: $? = 0
configure:14440: result: yes
configure:14440: checking stdio.h presence
configure:14440: gcc -E  conftest.c
configure:14440: $? = 0
configure:14440: result: yes
configure:14440: checking for stdio.h
configure:14440: result: yes
configure:14452: checking for unistd.h
configure:14452: result: yes
configure:14464: checking for string.h
configure:14464: result: yes
configure:14476: checking endian.h usability
configure:14476: gcc -c   conftest.c >&5
configure:14476: $? = 0
configure:14476: result: yes
configure:14476: checking endian.h presence
configure:14476: gcc -E  conftest.c
configure:14476: $? = 0
configure:14476: result: yes
configure:14476: checking for endian.h
configure:14476: result: yes
configure:14488: checking syslog.h usability
configure:14488: gcc -c   conftest.c >&5
configure:14488: $? = 0
configure:14488: result: yes
configure:14488: checking syslog.h presence
configure:14488: gcc -E  conftest.c
configure:14488: $? = 0
configure:14488: result: yes
configure:14488: checking for syslog.h
configure:14488: result: yes
configure:14500: checking fcntl.h usability
configure:14500: gcc -c   conftest.c >&5
configure:14500: $? = 0
configure:14500: result: yes
configure:14500: checking fcntl.h presence
configure:14500: gcc -E  conftest.c
configure:14500: $? = 0
configure:14500: result: yes
configure:14500: checking for fcntl.h
configure:14500: result: yes
configure:14512: checking pthread.h usability
configure:14512: gcc -c   conftest.c >&5
configure:14512: $? = 0
configure:14512: result: yes
configure:14512: checking pthread.h presence
configure:14512: gcc -E  conftest.c
configure:14512: $? = 0
configure:14512: result: yes
configure:14512: checking for pthread.h
configure:14512: result: yes
configure:14525: checking linux/limits.h usability
configure:14525: gcc -c   conftest.c >&5
configure:14525: $? = 0
configure:14525: result: yes
configure:14525: checking linux/limits.h presence
configure:14525: gcc -E  conftest.c
configure:14525: $? = 0
configure:14525: result: yes
configure:14525: checking for linux/limits.h
configure:14525: result: yes
configure:14525: checking sys/syslimits.h usability
configure:14525: gcc -c   conftest.c >&5
conftest.c:73:27: fatal error: sys/syslimits.h: No such file or directory
 #include <sys/syslimits.h>
                           ^
compilation terminated.
configure:14525: $? = 1
configure: failed program was:
| /* confdefs.h */
| #define PACKAGE_NAME "yadifa"
| #define PACKAGE_TARNAME "yadifa"
| #define PACKAGE_VERSION "2.0.4-4585"
| #define PACKAGE_STRING "yadifa 2.0.4-4585"
| #define PACKAGE_BUGREPORT "info@yadifa.eu"
| #define PACKAGE_URL ""
| #define PACKAGE "yadifa"
| #define VERSION "2.0.4-4585"
| #define HAS_TOOLS 1
| #define STDC_HEADERS 1
| #define HAVE_SYS_TYPES_H 1
| #define HAVE_SYS_STAT_H 1
| #define HAVE_STDLIB_H 1
| #define HAVE_STRING_H 1
| #define HAVE_MEMORY_H 1
| #define HAVE_STRINGS_H 1
| #define HAVE_INTTYPES_H 1
| #define HAVE_STDINT_H 1
| #define HAVE_UNISTD_H 1
| #define HAVE_DLFCN_H 1
| #define LT_OBJDIR ".libs/"
| #define IS_DARWIN_OS 0
| #define IS_BSD_FAMILY 0
| #define IS_LINUX_FAMILY 1
| #define IS_SOLARIS_FAMILY 0
| #define DEFAULT_ASSUMED_CPU_COUNT 2
| #define HAS_CPU_AMDINTEL 1
| #define HAS_MEMALIGN_ISSUES 0
| #define HAVE_STDLIB_H 1
| #define HAVE_STDIO_H 1
| #define HAVE_UNISTD_H 1
| #define HAVE_STRING_H 1
| #define HAVE_ENDIAN_H 1
| #define HAVE_SYSLOG_H 1
| #define HAVE_FCNTL_H 1
| #define HAVE_PTHREAD_H 1
| #define HAVE_LINUX_LIMITS_H 1
| /* end confdefs.h.  */
| #include <stdio.h>
| #ifdef HAVE_SYS_TYPES_H
| # include <sys/types.h>
| #endif
| #ifdef HAVE_SYS_STAT_H
| # include <sys/stat.h>
| #endif
| #ifdef STDC_HEADERS
| # include <stdlib.h>
| # include <stddef.h>
| #else
| # ifdef HAVE_STDLIB_H
| #  include <stdlib.h>
| # endif
| #endif
| #ifdef HAVE_STRING_H
| # if !defined STDC_HEADERS && defined HAVE_MEMORY_H
| #  include <memory.h>
| # endif
| # include <string.h>
| #endif
| #ifdef HAVE_STRINGS_H
| # include <strings.h>
| #endif
| #ifdef HAVE_INTTYPES_H
| # include <inttypes.h>
| #endif
| #ifdef HAVE_STDINT_H
| # include <stdint.h>
| #endif
| #ifdef HAVE_UNISTD_H
| # include <unistd.h>
| #endif
| #include <sys/syslimits.h>
configure:14525: result: no
configure:14525: checking sys/syslimits.h presence
configure:14525: gcc -E  conftest.c
conftest.c:40:27: fatal error: sys/syslimits.h: No such file or directory
 #include <sys/syslimits.h>
                           ^
compilation terminated.
configure:14525: $? = 1
configure: failed program was:
| /* confdefs.h */
| #define PACKAGE_NAME "yadifa"
| #define PACKAGE_TARNAME "yadifa"
| #define PACKAGE_VERSION "2.0.4-4585"
| #define PACKAGE_STRING "yadifa 2.0.4-4585"
| #define PACKAGE_BUGREPORT "info@yadifa.eu"
| #define PACKAGE_URL ""
| #define PACKAGE "yadifa"
| #define VERSION "2.0.4-4585"
| #define HAS_TOOLS 1
| #define STDC_HEADERS 1
| #define HAVE_SYS_TYPES_H 1
| #define HAVE_SYS_STAT_H 1
| #define HAVE_STDLIB_H 1
| #define HAVE_STRING_H 1
| #define HAVE_MEMORY_H 1
| #define HAVE_STRINGS_H 1
| #define HAVE_INTTYPES_H 1
| #define HAVE_STDINT_H 1
| #define HAVE_UNISTD_H 1
| #define HAVE_DLFCN_H 1
| #define LT_OBJDIR ".libs/"
| #define IS_DARWIN_OS 0
| #define IS_BSD_FAMILY 0
| #define IS_LINUX_FAMILY 1
| #define IS_SOLARIS_FAMILY 0
| #define DEFAULT_ASSUMED_CPU_COUNT 2
| #define HAS_CPU_AMDINTEL 1
| #define HAS_MEMALIGN_ISSUES 0
| #define HAVE_STDLIB_H 1
| #define HAVE_STDIO_H 1
| #define HAVE_UNISTD_H 1
| #define HAVE_STRING_H 1
| #define HAVE_ENDIAN_H 1
| #define HAVE_SYSLOG_H 1
| #define HAVE_FCNTL_H 1
| #define HAVE_PTHREAD_H 1
| #define HAVE_LINUX_LIMITS_H 1
| /* end confdefs.h.  */
| #include <sys/syslimits.h>
configure:14525: result: no
configure:14525: checking for sys/syslimits.h
configure:14525: result: no
configure:14525: checking i386/limits.h usability
configure:14525: gcc -c   conftest.c >&5
conftest.c:73:25: fatal error: i386/limits.h: No such file or directory
 #include <i386/limits.h>
                         ^
compilation terminated.
configure:14525: $? = 1
configure: failed program was:
| /* confdefs.h */
| #define PACKAGE_NAME "yadifa"
| #define PACKAGE_TARNAME "yadifa"
| #define PACKAGE_VERSION "2.0.4-4585"
| #define PACKAGE_STRING "yadifa 2.0.4-4585"
| #define PACKAGE_BUGREPORT "info@yadifa.eu"
| #define PACKAGE_URL ""
| #define PACKAGE "yadifa"
| #define VERSION "2.0.4-4585"
| #define HAS_TOOLS 1
| #define STDC_HEADERS 1
| #define HAVE_SYS_TYPES_H 1
| #define HAVE_SYS_STAT_H 1
| #define HAVE_STDLIB_H 1
| #define HAVE_STRING_H 1
| #define HAVE_MEMORY_H 1
| #define HAVE_STRINGS_H 1
| #define HAVE_INTTYPES_H 1
| #define HAVE_STDINT_H 1
| #define HAVE_UNISTD_H 1
| #define HAVE_DLFCN_H 1
| #define LT_OBJDIR ".libs/"
| #define IS_DARWIN_OS 0
| #define IS_BSD_FAMILY 0
| #define IS_LINUX_FAMILY 1
| #define IS_SOLARIS_FAMILY 0
| #define DEFAULT_ASSUMED_CPU_COUNT 2
| #define HAS_CPU_AMDINTEL 1
| #define HAS_MEMALIGN_ISSUES 0
| #define HAVE_STDLIB_H 1
| #define HAVE_STDIO_H 1
| #define HAVE_UNISTD_H 1
| #define HAVE_STRING_H 1
| #define HAVE_ENDIAN_H 1
| #define HAVE_SYSLOG_H 1
| #define HAVE_FCNTL_H 1
| #define HAVE_PTHREAD_H 1
| #define HAVE_LINUX_LIMITS_H 1
| /* end confdefs.h.  */
| #include <stdio.h>
| #ifdef HAVE_SYS_TYPES_H
| # include <sys/types.h>
| #endif
| #ifdef HAVE_SYS_STAT_H
| # include <sys/stat.h>
| #endif
| #ifdef STDC_HEADERS
| # include <stdlib.h>
| # include <stddef.h>
| #else
| # ifdef HAVE_STDLIB_H
| #  include <stdlib.h>
| # endif
| #endif
| #ifdef HAVE_STRING_H
| # if !defined STDC_HEADERS && defined HAVE_MEMORY_H
| #  include <memory.h>
| # endif
| # include <string.h>
| #endif
| #ifdef HAVE_STRINGS_H
| # include <strings.h>
| #endif
| #ifdef HAVE_INTTYPES_H
| # include <inttypes.h>
| #endif
| #ifdef HAVE_STDINT_H
| # include <stdint.h>
| #endif
| #ifdef HAVE_UNISTD_H
| # include <unistd.h>
| #endif
| #include <i386/limits.h>
configure:14525: result: no
configure:14525: checking i386/limits.h presence
configure:14525: gcc -E  conftest.c
conftest.c:40:25: fatal error: i386/limits.h: No such file or directory
 #include <i386/limits.h>
                         ^
compilation terminated.
configure:14525: $? = 1
configure: failed program was:
| /* confdefs.h */
| #define PACKAGE_NAME "yadifa"
| #define PACKAGE_TARNAME "yadifa"
| #define PACKAGE_VERSION "2.0.4-4585"
| #define PACKAGE_STRING "yadifa 2.0.4-4585"
| #define PACKAGE_BUGREPORT "info@yadifa.eu"
| #define PACKAGE_URL ""
| #define PACKAGE "yadifa"
| #define VERSION "2.0.4-4585"
| #define HAS_TOOLS 1
| #define STDC_HEADERS 1
| #define HAVE_SYS_TYPES_H 1
| #define HAVE_SYS_STAT_H 1
| #define HAVE_STDLIB_H 1
| #define HAVE_STRING_H 1
| #define HAVE_MEMORY_H 1
| #define HAVE_STRINGS_H 1
| #define HAVE_INTTYPES_H 1
| #define HAVE_STDINT_H 1
| #define HAVE_UNISTD_H 1
| #define HAVE_DLFCN_H 1
| #define LT_OBJDIR ".libs/"
| #define IS_DARWIN_OS 0
| #define IS_BSD_FAMILY 0
| #define IS_LINUX_FAMILY 1
| #define IS_SOLARIS_FAMILY 0
| #define DEFAULT_ASSUMED_CPU_COUNT 2
| #define HAS_CPU_AMDINTEL 1
| #define HAS_MEMALIGN_ISSUES 0
| #define HAVE_STDLIB_H 1
| #define HAVE_STDIO_H 1
| #define HAVE_UNISTD_H 1
| #define HAVE_STRING_H 1
| #define HAVE_ENDIAN_H 1
| #define HAVE_SYSLOG_H 1
| #define HAVE_FCNTL_H 1
| #define HAVE_PTHREAD_H 1
| #define HAVE_LINUX_LIMITS_H 1
| /* end confdefs.h.  */
| #include <i386/limits.h>
configure:14525: result: no
configure:14525: checking for i386/limits.h
configure:14525: result: no
configure:14525: checking ppc/limits.h usability
configure:14525: gcc -c   conftest.c >&5
conftest.c:73:24: fatal error: ppc/limits.h: No such file or directory
 #include <ppc/limits.h>
                        ^
compilation terminated.
configure:14525: $? = 1
configure: failed program was:
| /* confdefs.h */
| #define PACKAGE_NAME "yadifa"
| #define PACKAGE_TARNAME "yadifa"
| #define PACKAGE_VERSION "2.0.4-4585"
| #define PACKAGE_STRING "yadifa 2.0.4-4585"
| #define PACKAGE_BUGREPORT "info@yadifa.eu"
| #define PACKAGE_URL ""
| #define PACKAGE "yadifa"
| #define VERSION "2.0.4-4585"
| #define HAS_TOOLS 1
| #define STDC_HEADERS 1
| #define HAVE_SYS_TYPES_H 1
| #define HAVE_SYS_STAT_H 1
| #define HAVE_STDLIB_H 1
| #define HAVE_STRING_H 1
| #define HAVE_MEMORY_H 1
| #define HAVE_STRINGS_H 1
| #define HAVE_INTTYPES_H 1
| #define HAVE_STDINT_H 1
| #define HAVE_UNISTD_H 1
| #define HAVE_DLFCN_H 1
| #define LT_OBJDIR ".libs/"
| #define IS_DARWIN_OS 0
| #define IS_BSD_FAMILY 0
| #define IS_LINUX_FAMILY 1
| #define IS_SOLARIS_FAMILY 0
| #define DEFAULT_ASSUMED_CPU_COUNT 2
| #define HAS_CPU_AMDINTEL 1
| #define HAS_MEMALIGN_ISSUES 0
| #define HAVE_STDLIB_H 1
| #define HAVE_STDIO_H 1
| #define HAVE_UNISTD_H 1
| #define HAVE_STRING_H 1
| #define HAVE_ENDIAN_H 1
| #define HAVE_SYSLOG_H 1
| #define HAVE_FCNTL_H 1
| #define HAVE_PTHREAD_H 1
| #define HAVE_LINUX_LIMITS_H 1
| /* end confdefs.h.  */
| #include <stdio.h>
| #ifdef HAVE_SYS_TYPES_H
| # include <sys/types.h>
| #endif
| #ifdef HAVE_SYS_STAT_H
| # include <sys/stat.h>
| #endif
| #ifdef STDC_HEADERS
| # include <stdlib.h>
| # include <stddef.h>
| #else
| # ifdef HAVE_STDLIB_H
| #  include <stdlib.h>
| # endif
| #endif
| #ifdef HAVE_STRING_H
| # if !defined STDC_HEADERS && defined HAVE_MEMORY_H
| #  include <memory.h>
| # endif
| # include <string.h>
| #endif
| #ifdef HAVE_STRINGS_H
| # include <strings.h>
| #endif
| #ifdef HAVE_INTTYPES_H
| # include <inttypes.h>
| #endif
| #ifdef HAVE_STDINT_H
| # include <stdint.h>
| #endif
| #ifdef HAVE_UNISTD_H
| # include <unistd.h>
| #endif
| #include <ppc/limits.h>
configure:14525: result: no
configure:14525: checking ppc/limits.h presence
configure:14525: gcc -E  conftest.c
conftest.c:40:24: fatal error: ppc/limits.h: No such file or directory
 #include <ppc/limits.h>
                        ^
compilation terminated.
configure:14525: $? = 1
configure: failed program was:
| /* confdefs.h */
| #define PACKAGE_NAME "yadifa"
| #define PACKAGE_TARNAME "yadifa"
| #define PACKAGE_VERSION "2.0.4-4585"
| #define PACKAGE_STRING "yadifa 2.0.4-4585"
| #define PACKAGE_BUGREPORT "info@yadifa.eu"
| #define PACKAGE_URL ""
| #define PACKAGE "yadifa"
| #define VERSION "2.0.4-4585"
| #define HAS_TOOLS 1
| #define STDC_HEADERS 1
| #define HAVE_SYS_TYPES_H 1
| #define HAVE_SYS_STAT_H 1
| #define HAVE_STDLIB_H 1
| #define HAVE_STRING_H 1
| #define HAVE_MEMORY_H 1
| #define HAVE_STRINGS_H 1
| #define HAVE_INTTYPES_H 1
| #define HAVE_STDINT_H 1
| #define HAVE_UNISTD_H 1
| #define HAVE_DLFCN_H 1
| #define LT_OBJDIR ".libs/"
| #define IS_DARWIN_OS 0
| #define IS_BSD_FAMILY 0
| #define IS_LINUX_FAMILY 1
| #define IS_SOLARIS_FAMILY 0
| #define DEFAULT_ASSUMED_CPU_COUNT 2
| #define HAS_CPU_AMDINTEL 1
| #define HAS_MEMALIGN_ISSUES 0
| #define HAVE_STDLIB_H 1
| #define HAVE_STDIO_H 1
| #define HAVE_UNISTD_H 1
| #define HAVE_STRING_H 1
| #define HAVE_ENDIAN_H 1
| #define HAVE_SYSLOG_H 1
| #define HAVE_FCNTL_H 1
| #define HAVE_PTHREAD_H 1
| #define HAVE_LINUX_LIMITS_H 1
| /* end confdefs.h.  */
| #include <ppc/limits.h>
configure:14525: result: no
configure:14525: checking for ppc/limits.h
configure:14525: result: no
configure:14537: checking byteswap.h usability
configure:14537: gcc -c   conftest.c >&5
configure:14537: $? = 0
configure:14537: result: yes
configure:14537: checking byteswap.h presence
configure:14537: gcc -E  conftest.c
configure:14537: $? = 0
configure:14537: result: yes
configure:14537: checking for byteswap.h
configure:14537: result: yes
configure:14549: checking machine/endian.h usability
configure:14549: gcc -c   conftest.c >&5
conftest.c:74:28: fatal error: machine/endian.h: No such file or directory
 #include <machine/endian.h>
                            ^
compilation terminated.
configure:14549: $? = 1
configure: failed program was:
| /* confdefs.h */
| #define PACKAGE_NAME "yadifa"
| #define PACKAGE_TARNAME "yadifa"
| #define PACKAGE_VERSION "2.0.4-4585"
| #define PACKAGE_STRING "yadifa 2.0.4-4585"
| #define PACKAGE_BUGREPORT "info@yadifa.eu"
| #define PACKAGE_URL ""
| #define PACKAGE "yadifa"
| #define VERSION "2.0.4-4585"
| #define HAS_TOOLS 1
| #define STDC_HEADERS 1
| #define HAVE_SYS_TYPES_H 1
| #define HAVE_SYS_STAT_H 1
| #define HAVE_STDLIB_H 1
| #define HAVE_STRING_H 1
| #define HAVE_MEMORY_H 1
| #define HAVE_STRINGS_H 1
| #define HAVE_INTTYPES_H 1
| #define HAVE_STDINT_H 1
| #define HAVE_UNISTD_H 1
| #define HAVE_DLFCN_H 1
| #define LT_OBJDIR ".libs/"
| #define IS_DARWIN_OS 0
| #define IS_BSD_FAMILY 0
| #define IS_LINUX_FAMILY 1
| #define IS_SOLARIS_FAMILY 0
| #define DEFAULT_ASSUMED_CPU_COUNT 2
| #define HAS_CPU_AMDINTEL 1
| #define HAS_MEMALIGN_ISSUES 0
| #define HAVE_STDLIB_H 1
| #define HAVE_STDIO_H 1
| #define HAVE_UNISTD_H 1
| #define HAVE_STRING_H 1
| #define HAVE_ENDIAN_H 1
| #define HAVE_SYSLOG_H 1
| #define HAVE_FCNTL_H 1
| #define HAVE_PTHREAD_H 1
| #define HAVE_LINUX_LIMITS_H 1
| #define HAVE_BYTESWAP_H 1
| /* end confdefs.h.  */
| #include <stdio.h>
| #ifdef HAVE_SYS_TYPES_H
| # include <sys/types.h>
| #endif
| #ifdef HAVE_SYS_STAT_H
| # include <sys/stat.h>
| #endif
| #ifdef STDC_HEADERS
| # include <stdlib.h>
| # include <stddef.h>
| #else
| # ifdef HAVE_STDLIB_H
| #  include <stdlib.h>
| # endif
| #endif
| #ifdef HAVE_STRING_H
| # if !defined STDC_HEADERS && defined HAVE_MEMORY_H
| #  include <memory.h>
| # endif
| # include <string.h>
| #endif
| #ifdef HAVE_STRINGS_H
| # include <strings.h>
| #endif
| #ifdef HAVE_INTTYPES_H
| # include <inttypes.h>
| #endif
| #ifdef HAVE_STDINT_H
| # include <stdint.h>
| #endif
| #ifdef HAVE_UNISTD_H
| # include <unistd.h>
| #endif
| #include <machine/endian.h>
configure:14549: result: no
configure:14549: checking machine/endian.h presence
configure:14549: gcc -E  conftest.c
conftest.c:41:28: fatal error: machine/endian.h: No such file or directory
 #include <machine/endian.h>
                            ^
compilation terminated.
configure:14549: $? = 1
configure: failed program was:
| /* confdefs.h */
| #define PACKAGE_NAME "yadifa"
| #define PACKAGE_TARNAME "yadifa"
| #define PACKAGE_VERSION "2.0.4-4585"
| #define PACKAGE_STRING "yadifa 2.0.4-4585"
| #define PACKAGE_BUGREPORT "info@yadifa.eu"
| #define PACKAGE_URL ""
| #define PACKAGE "yadifa"
| #define VERSION "2.0.4-4585"
| #define HAS_TOOLS 1
| #define STDC_HEADERS 1
| #define HAVE_SYS_TYPES_H 1
| #define HAVE_SYS_STAT_H 1
| #define HAVE_STDLIB_H 1
| #define HAVE_STRING_H 1
| #define HAVE_MEMORY_H 1
| #define HAVE_STRINGS_H 1
| #define HAVE_INTTYPES_H 1
| #define HAVE_STDINT_H 1
| #define HAVE_UNISTD_H 1
| #define HAVE_DLFCN_H 1
| #define LT_OBJDIR ".libs/"
| #define IS_DARWIN_OS 0
| #define IS_BSD_FAMILY 0
| #define IS_LINUX_FAMILY 1
| #define IS_SOLARIS_FAMILY 0
| #define DEFAULT_ASSUMED_CPU_COUNT 2
| #define HAS_CPU_AMDINTEL 1
| #define HAS_MEMALIGN_ISSUES 0
| #define HAVE_STDLIB_H 1
| #define HAVE_STDIO_H 1
| #define HAVE_UNISTD_H 1
| #define HAVE_STRING_H 1
| #define HAVE_ENDIAN_H 1
| #define HAVE_SYSLOG_H 1
| #define HAVE_FCNTL_H 1
| #define HAVE_PTHREAD_H 1
| #define HAVE_LINUX_LIMITS_H 1
| #define HAVE_BYTESWAP_H 1
| /* end confdefs.h.  */
| #include <machine/endian.h>
configure:14549: result: no
configure:14549: checking for machine/endian.h
configure:14549: result: no
configure:14561: checking sys/time.h usability
configure:14561: gcc -c   conftest.c >&5
configure:14561: $? = 0
configure:14561: result: yes
configure:14561: checking sys/time.h presence
configure:14561: gcc -E  conftest.c
configure:14561: $? = 0
configure:14561: result: yes
configure:14561: checking for sys/time.h
configure:14561: result: yes
configure:14573: checking for sys/stat.h
configure:14573: result: yes
configure:14585: checking sys/endian.h usability
configure:14585: gcc -c   conftest.c >&5
conftest.c:76:24: fatal error: sys/endian.h: No such file or directory
 #include <sys/endian.h>
                        ^
compilation terminated.
configure:14585: $? = 1
configure: failed program was:
| /* confdefs.h */
| #define PACKAGE_NAME "yadifa"
| #define PACKAGE_TARNAME "yadifa"
| #define PACKAGE_VERSION "2.0.4-4585"
| #define PACKAGE_STRING "yadifa 2.0.4-4585"
| #define PACKAGE_BUGREPORT "info@yadifa.eu"
| #define PACKAGE_URL ""
| #define PACKAGE "yadifa"
| #define VERSION "2.0.4-4585"
| #define HAS_TOOLS 1
| #define STDC_HEADERS 1
| #define HAVE_SYS_TYPES_H 1
| #define HAVE_SYS_STAT_H 1
| #define HAVE_STDLIB_H 1
| #define HAVE_STRING_H 1
| #define HAVE_MEMORY_H 1
| #define HAVE_STRINGS_H 1
| #define HAVE_INTTYPES_H 1
| #define HAVE_STDINT_H 1
| #define HAVE_UNISTD_H 1
| #define HAVE_DLFCN_H 1
| #define LT_OBJDIR ".libs/"
| #define IS_DARWIN_OS 0
| #define IS_BSD_FAMILY 0
| #define IS_LINUX_FAMILY 1
| #define IS_SOLARIS_FAMILY 0
| #define DEFAULT_ASSUMED_CPU_COUNT 2
| #define HAS_CPU_AMDINTEL 1
| #define HAS_MEMALIGN_ISSUES 0
| #define HAVE_STDLIB_H 1
| #define HAVE_STDIO_H 1
| #define HAVE_UNISTD_H 1
| #define HAVE_STRING_H 1
| #define HAVE_ENDIAN_H 1
| #define HAVE_SYSLOG_H 1
| #define HAVE_FCNTL_H 1
| #define HAVE_PTHREAD_H 1
| #define HAVE_LINUX_LIMITS_H 1
| #define HAVE_BYTESWAP_H 1
| #define HAVE_SYS_TIME_H 1
| #define HAVE_SYS_STAT_H 1
| /* end confdefs.h.  */
| #include <stdio.h>
| #ifdef HAVE_SYS_TYPES_H
| # include <sys/types.h>
| #endif
| #ifdef HAVE_SYS_STAT_H
| # include <sys/stat.h>
| #endif
| #ifdef STDC_HEADERS
| # include <stdlib.h>
| # include <stddef.h>
| #else
| # ifdef HAVE_STDLIB_H
| #  include <stdlib.h>
| # endif
| #endif
| #ifdef HAVE_STRING_H
| # if !defined STDC_HEADERS && defined HAVE_MEMORY_H
| #  include <memory.h>
| # endif
| # include <string.h>
| #endif
| #ifdef HAVE_STRINGS_H
| # include <strings.h>
| #endif
| #ifdef HAVE_INTTYPES_H
| # include <inttypes.h>
| #endif
| #ifdef HAVE_STDINT_H
| # include <stdint.h>
| #endif
| #ifdef HAVE_UNISTD_H
| # include <unistd.h>
| #endif
| #include <sys/endian.h>
configure:14585: result: no
configure:14585: checking sys/endian.h presence
configure:14585: gcc -E  conftest.c
conftest.c:43:24: fatal error: sys/endian.h: No such file or directory
 #include <sys/endian.h>
                        ^
compilation terminated.
configure:14585: $? = 1
configure: failed program was:
| /* confdefs.h */
| #define PACKAGE_NAME "yadifa"
| #define PACKAGE_TARNAME "yadifa"
| #define PACKAGE_VERSION "2.0.4-4585"
| #define PACKAGE_STRING "yadifa 2.0.4-4585"
| #define PACKAGE_BUGREPORT "info@yadifa.eu"
| #define PACKAGE_URL ""
| #define PACKAGE "yadifa"
| #define VERSION "2.0.4-4585"
| #define HAS_TOOLS 1
| #define STDC_HEADERS 1
| #define HAVE_SYS_TYPES_H 1
| #define HAVE_SYS_STAT_H 1
| #define HAVE_STDLIB_H 1
| #define HAVE_STRING_H 1
| #define HAVE_MEMORY_H 1
| #define HAVE_STRINGS_H 1
| #define HAVE_INTTYPES_H 1
| #define HAVE_STDINT_H 1
| #define HAVE_UNISTD_H 1
| #define HAVE_DLFCN_H 1
| #define LT_OBJDIR ".libs/"
| #define IS_DARWIN_OS 0
| #define IS_BSD_FAMILY 0
| #define IS_LINUX_FAMILY 1
| #define IS_SOLARIS_FAMILY 0
| #define DEFAULT_ASSUMED_CPU_COUNT 2
| #define HAS_CPU_AMDINTEL 1
| #define HAS_MEMALIGN_ISSUES 0
| #define HAVE_STDLIB_H 1
| #define HAVE_STDIO_H 1
| #define HAVE_UNISTD_H 1
| #define HAVE_STRING_H 1
| #define HAVE_ENDIAN_H 1
| #define HAVE_SYSLOG_H 1
| #define HAVE_FCNTL_H 1
| #define HAVE_PTHREAD_H 1
| #define HAVE_LINUX_LIMITS_H 1
| #define HAVE_BYTESWAP_H 1
| #define HAVE_SYS_TIME_H 1
| #define HAVE_SYS_STAT_H 1
| /* end confdefs.h.  */
| #include <sys/endian.h>
configure:14585: result: no
configure:14585: checking for sys/endian.h
configure:14585: result: no
configure:14597: checking sys/byteorder.h usability
configure:14597: gcc -c   conftest.c >&5
conftest.c:76:27: fatal error: sys/byteorder.h: No such file or directory
 #include <sys/byteorder.h>
                           ^
compilation terminated.
configure:14597: $? = 1
configure: failed program was:
| /* confdefs.h */
| #define PACKAGE_NAME "yadifa"
| #define PACKAGE_TARNAME "yadifa"
| #define PACKAGE_VERSION "2.0.4-4585"
| #define PACKAGE_STRING "yadifa 2.0.4-4585"
| #define PACKAGE_BUGREPORT "info@yadifa.eu"
| #define PACKAGE_URL ""
| #define PACKAGE "yadifa"
| #define VERSION "2.0.4-4585"
| #define HAS_TOOLS 1
| #define STDC_HEADERS 1
| #define HAVE_SYS_TYPES_H 1
| #define HAVE_SYS_STAT_H 1
| #define HAVE_STDLIB_H 1
| #define HAVE_STRING_H 1
| #define HAVE_MEMORY_H 1
| #define HAVE_STRINGS_H 1
| #define HAVE_INTTYPES_H 1
| #define HAVE_STDINT_H 1
| #define HAVE_UNISTD_H 1
| #define HAVE_DLFCN_H 1
| #define LT_OBJDIR ".libs/"
| #define IS_DARWIN_OS 0
| #define IS_BSD_FAMILY 0
| #define IS_LINUX_FAMILY 1
| #define IS_SOLARIS_FAMILY 0
| #define DEFAULT_ASSUMED_CPU_COUNT 2
| #define HAS_CPU_AMDINTEL 1
| #define HAS_MEMALIGN_ISSUES 0
| #define HAVE_STDLIB_H 1
| #define HAVE_STDIO_H 1
| #define HAVE_UNISTD_H 1
| #define HAVE_STRING_H 1
| #define HAVE_ENDIAN_H 1
| #define HAVE_SYSLOG_H 1
| #define HAVE_FCNTL_H 1
| #define HAVE_PTHREAD_H 1
| #define HAVE_LINUX_LIMITS_H 1
| #define HAVE_BYTESWAP_H 1
| #define HAVE_SYS_TIME_H 1
| #define HAVE_SYS_STAT_H 1
| /* end confdefs.h.  */
| #include <stdio.h>
| #ifdef HAVE_SYS_TYPES_H
| # include <sys/types.h>
| #endif
| #ifdef HAVE_SYS_STAT_H
| # include <sys/stat.h>
| #endif
| #ifdef STDC_HEADERS
| # include <stdlib.h>
| # include <stddef.h>
| #else
| # ifdef HAVE_STDLIB_H
| #  include <stdlib.h>
| # endif
| #endif
| #ifdef HAVE_STRING_H
| # if !defined STDC_HEADERS && defined HAVE_MEMORY_H
| #  include <memory.h>
| # endif
| # include <string.h>
| #endif
| #ifdef HAVE_STRINGS_H
| # include <strings.h>
| #endif
| #ifdef HAVE_INTTYPES_H
| # include <inttypes.h>
| #endif
| #ifdef HAVE_STDINT_H
| # include <stdint.h>
| #endif
| #ifdef HAVE_UNISTD_H
| # include <unistd.h>
| #endif
| #include <sys/byteorder.h>
configure:14597: result: no
configure:14597: checking sys/byteorder.h presence
configure:14597: gcc -E  conftest.c
conftest.c:43:27: fatal error: sys/byteorder.h: No such file or directory
 #include <sys/byteorder.h>
                           ^
compilation terminated.
configure:14597: $? = 1
configure: failed program was:
| /* confdefs.h */
| #define PACKAGE_NAME "yadifa"
| #define PACKAGE_TARNAME "yadifa"
| #define PACKAGE_VERSION "2.0.4-4585"
| #define PACKAGE_STRING "yadifa 2.0.4-4585"
| #define PACKAGE_BUGREPORT "info@yadifa.eu"
| #define PACKAGE_URL ""
| #define PACKAGE "yadifa"
| #define VERSION "2.0.4-4585"
| #define HAS_TOOLS 1
| #define STDC_HEADERS 1
| #define HAVE_SYS_TYPES_H 1
| #define HAVE_SYS_STAT_H 1
| #define HAVE_STDLIB_H 1
| #define HAVE_STRING_H 1
| #define HAVE_MEMORY_H 1
| #define HAVE_STRINGS_H 1
| #define HAVE_INTTYPES_H 1
| #define HAVE_STDINT_H 1
| #define HAVE_UNISTD_H 1
| #define HAVE_DLFCN_H 1
| #define LT_OBJDIR ".libs/"
| #define IS_DARWIN_OS 0
| #define IS_BSD_FAMILY 0
| #define IS_LINUX_FAMILY 1
| #define IS_SOLARIS_FAMILY 0
| #define DEFAULT_ASSUMED_CPU_COUNT 2
| #define HAS_CPU_AMDINTEL 1
| #define HAS_MEMALIGN_ISSUES 0
| #define HAVE_STDLIB_H 1
| #define HAVE_STDIO_H 1
| #define HAVE_UNISTD_H 1
| #define HAVE_STRING_H 1
| #define HAVE_ENDIAN_H 1
| #define HAVE_SYSLOG_H 1
| #define HAVE_FCNTL_H 1
| #define HAVE_PTHREAD_H 1
| #define HAVE_LINUX_LIMITS_H 1
| #define HAVE_BYTESWAP_H 1
| #define HAVE_SYS_TIME_H 1
| #define HAVE_SYS_STAT_H 1
| /* end confdefs.h.  */
| #include <sys/byteorder.h>
configure:14597: result: no
configure:14597: checking for sys/byteorder.h
configure:14597: result: no
configure:14609: checking sys/socket.h usability
configure:14609: gcc -c   conftest.c >&5
configure:14609: $? = 0
configure:14609: result: yes
configure:14609: checking sys/socket.h presence
configure:14609: gcc -E  conftest.c
configure:14609: $? = 0
configure:14609: result: yes
configure:14609: checking for sys/socket.h
configure:14609: result: yes
configure:14621: checking netinet/in.h usability
configure:14621: gcc -c   conftest.c >&5
configure:14621: $? = 0
configure:14621: result: yes
configure:14621: checking netinet/in.h presence
configure:14621: gcc -E  conftest.c
configure:14621: $? = 0
configure:14621: result: yes
configure:14621: checking for netinet/in.h
configure:14621: result: yes
configure:14633: checking netinet6/in6.h usability
configure:14633: gcc -c   conftest.c >&5
conftest.c:78:26: fatal error: netinet6/in6.h: No such file or directory
 #include <netinet6/in6.h>
                          ^
compilation terminated.
configure:14633: $? = 1
configure: failed program was:
| /* confdefs.h */
| #define PACKAGE_NAME "yadifa"
| #define PACKAGE_TARNAME "yadifa"
| #define PACKAGE_VERSION "2.0.4-4585"
| #define PACKAGE_STRING "yadifa 2.0.4-4585"
| #define PACKAGE_BUGREPORT "info@yadifa.eu"
| #define PACKAGE_URL ""
| #define PACKAGE "yadifa"
| #define VERSION "2.0.4-4585"
| #define HAS_TOOLS 1
| #define STDC_HEADERS 1
| #define HAVE_SYS_TYPES_H 1
| #define HAVE_SYS_STAT_H 1
| #define HAVE_STDLIB_H 1
| #define HAVE_STRING_H 1
| #define HAVE_MEMORY_H 1
| #define HAVE_STRINGS_H 1
| #define HAVE_INTTYPES_H 1
| #define HAVE_STDINT_H 1
| #define HAVE_UNISTD_H 1
| #define HAVE_DLFCN_H 1
| #define LT_OBJDIR ".libs/"
| #define IS_DARWIN_OS 0
| #define IS_BSD_FAMILY 0
| #define IS_LINUX_FAMILY 1
| #define IS_SOLARIS_FAMILY 0
| #define DEFAULT_ASSUMED_CPU_COUNT 2
| #define HAS_CPU_AMDINTEL 1
| #define HAS_MEMALIGN_ISSUES 0
| #define HAVE_STDLIB_H 1
| #define HAVE_STDIO_H 1
| #define HAVE_UNISTD_H 1
| #define HAVE_STRING_H 1
| #define HAVE_ENDIAN_H 1
| #define HAVE_SYSLOG_H 1
| #define HAVE_FCNTL_H 1
| #define HAVE_PTHREAD_H 1
| #define HAVE_LINUX_LIMITS_H 1
| #define HAVE_BYTESWAP_H 1
| #define HAVE_SYS_TIME_H 1
| #define HAVE_SYS_STAT_H 1
| #define HAVE_SYS_SOCKET_H 1
| #define HAVE_NETINET_IN_H 1
| /* end confdefs.h.  */
| #include <stdio.h>
| #ifdef HAVE_SYS_TYPES_H
| # include <sys/types.h>
| #endif
| #ifdef HAVE_SYS_STAT_H
| # include <sys/stat.h>
| #endif
| #ifdef STDC_HEADERS
| # include <stdlib.h>
| # include <stddef.h>
| #else
| # ifdef HAVE_STDLIB_H
| #  include <stdlib.h>
| # endif
| #endif
| #ifdef HAVE_STRING_H
| # if !defined STDC_HEADERS && defined HAVE_MEMORY_H
| #  include <memory.h>
| # endif
| # include <string.h>
| #endif
| #ifdef HAVE_STRINGS_H
| # include <strings.h>
| #endif
| #ifdef HAVE_INTTYPES_H
| # include <inttypes.h>
| #endif
| #ifdef HAVE_STDINT_H
| # include <stdint.h>
| #endif
| #ifdef HAVE_UNISTD_H
| # include <unistd.h>
| #endif
| #include <netinet6/in6.h>
configure:14633: result: no
configure:14633: checking netinet6/in6.h presence
configure:14633: gcc -E  conftest.c
conftest.c:45:26: fatal error: netinet6/in6.h: No such file or directory
 #include <netinet6/in6.h>
                          ^
compilation terminated.
configure:14633: $? = 1
configure: failed program was:
| /* confdefs.h */
| #define PACKAGE_NAME "yadifa"
| #define PACKAGE_TARNAME "yadifa"
| #define PACKAGE_VERSION "2.0.4-4585"
| #define PACKAGE_STRING "yadifa 2.0.4-4585"
| #define PACKAGE_BUGREPORT "info@yadifa.eu"
| #define PACKAGE_URL ""
| #define PACKAGE "yadifa"
| #define VERSION "2.0.4-4585"
| #define HAS_TOOLS 1
| #define STDC_HEADERS 1
| #define HAVE_SYS_TYPES_H 1
| #define HAVE_SYS_STAT_H 1
| #define HAVE_STDLIB_H 1
| #define HAVE_STRING_H 1
| #define HAVE_MEMORY_H 1
| #define HAVE_STRINGS_H 1
| #define HAVE_INTTYPES_H 1
| #define HAVE_STDINT_H 1
| #define HAVE_UNISTD_H 1
| #define HAVE_DLFCN_H 1
| #define LT_OBJDIR ".libs/"
| #define IS_DARWIN_OS 0
| #define IS_BSD_FAMILY 0
| #define IS_LINUX_FAMILY 1
| #define IS_SOLARIS_FAMILY 0
| #define DEFAULT_ASSUMED_CPU_COUNT 2
| #define HAS_CPU_AMDINTEL 1
| #define HAS_MEMALIGN_ISSUES 0
| #define HAVE_STDLIB_H 1
| #define HAVE_STDIO_H 1
| #define HAVE_UNISTD_H 1
| #define HAVE_STRING_H 1
| #define HAVE_ENDIAN_H 1
| #define HAVE_SYSLOG_H 1
| #define HAVE_FCNTL_H 1
| #define HAVE_PTHREAD_H 1
| #define HAVE_LINUX_LIMITS_H 1
| #define HAVE_BYTESWAP_H 1
| #define HAVE_SYS_TIME_H 1
| #define HAVE_SYS_STAT_H 1
| #define HAVE_SYS_SOCKET_H 1
| #define HAVE_NETINET_IN_H 1
| /* end confdefs.h.  */
| #include <netinet6/in6.h>
configure:14633: result: no
configure:14633: checking for netinet6/in6.h
configure:14633: result: no
configure:14647: checking checking for pthread_spin_init
configure:14661: gcc -o conftest    conftest.c  >&5
/tmp/ccEIN3pI.o: In function `main':
conftest.c:(.text+0x15): undefined reference to `pthread_spin_init'
collect2: error: ld returned 1 exit status
configure:14661: $? = 1
configure: failed program was:
| /* confdefs.h */
| #define PACKAGE_NAME "yadifa"
| #define PACKAGE_TARNAME "yadifa"
| #define PACKAGE_VERSION "2.0.4-4585"
| #define PACKAGE_STRING "yadifa 2.0.4-4585"
| #define PACKAGE_BUGREPORT "info@yadifa.eu"
| #define PACKAGE_URL ""
| #define PACKAGE "yadifa"
| #define VERSION "2.0.4-4585"
| #define HAS_TOOLS 1
| #define STDC_HEADERS 1
| #define HAVE_SYS_TYPES_H 1
| #define HAVE_SYS_STAT_H 1
| #define HAVE_STDLIB_H 1
| #define HAVE_STRING_H 1
| #define HAVE_MEMORY_H 1
| #define HAVE_STRINGS_H 1
| #define HAVE_INTTYPES_H 1
| #define HAVE_STDINT_H 1
| #define HAVE_UNISTD_H 1
| #define HAVE_DLFCN_H 1
| #define LT_OBJDIR ".libs/"
| #define IS_DARWIN_OS 0
| #define IS_BSD_FAMILY 0
| #define IS_LINUX_FAMILY 1
| #define IS_SOLARIS_FAMILY 0
| #define DEFAULT_ASSUMED_CPU_COUNT 2
| #define HAS_CPU_AMDINTEL 1
| #define HAS_MEMALIGN_ISSUES 0
| #define HAVE_STDLIB_H 1
| #define HAVE_STDIO_H 1
| #define HAVE_UNISTD_H 1
| #define HAVE_STRING_H 1
| #define HAVE_ENDIAN_H 1
| #define HAVE_SYSLOG_H 1
| #define HAVE_FCNTL_H 1
| #define HAVE_PTHREAD_H 1
| #define HAVE_LINUX_LIMITS_H 1
| #define HAVE_BYTESWAP_H 1
| #define HAVE_SYS_TIME_H 1
| #define HAVE_SYS_STAT_H 1
| #define HAVE_SYS_SOCKET_H 1
| #define HAVE_NETINET_IN_H 1
| /* end confdefs.h.  */
| #include<pthread.h>
| int
| main ()
| {
| pthread_spinlock_t lock; pthread_spin_init(&lock, 0);
|   ;
|   return 0;
| }
configure:14676: checking checking for pthread_setname_np
configure:14691: gcc -o conftest    conftest.c  >&5
/tmp/cciB8f7L.o: In function `main':
conftest.c:(.text+0x17): undefined reference to `pthread_setname_np'
collect2: error: ld returned 1 exit status
configure:14691: $? = 1
configure: failed program was:
| /* confdefs.h */
| #define PACKAGE_NAME "yadifa"
| #define PACKAGE_TARNAME "yadifa"
| #define PACKAGE_VERSION "2.0.4-4585"
| #define PACKAGE_STRING "yadifa 2.0.4-4585"
| #define PACKAGE_BUGREPORT "info@yadifa.eu"
| #define PACKAGE_URL ""
| #define PACKAGE "yadifa"
| #define VERSION "2.0.4-4585"
| #define HAS_TOOLS 1
| #define STDC_HEADERS 1
| #define HAVE_SYS_TYPES_H 1
| #define HAVE_SYS_STAT_H 1
| #define HAVE_STDLIB_H 1
| #define HAVE_STRING_H 1
| #define HAVE_MEMORY_H 1
| #define HAVE_STRINGS_H 1
| #define HAVE_INTTYPES_H 1
| #define HAVE_STDINT_H 1
| #define HAVE_UNISTD_H 1
| #define HAVE_DLFCN_H 1
| #define LT_OBJDIR ".libs/"
| #define IS_DARWIN_OS 0
| #define IS_BSD_FAMILY 0
| #define IS_LINUX_FAMILY 1
| #define IS_SOLARIS_FAMILY 0
| #define DEFAULT_ASSUMED_CPU_COUNT 2
| #define HAS_CPU_AMDINTEL 1
| #define HAS_MEMALIGN_ISSUES 0
| #define HAVE_STDLIB_H 1
| #define HAVE_STDIO_H 1
| #define HAVE_UNISTD_H 1
| #define HAVE_STRING_H 1
| #define HAVE_ENDIAN_H 1
| #define HAVE_SYSLOG_H 1
| #define HAVE_FCNTL_H 1
| #define HAVE_PTHREAD_H 1
| #define HAVE_LINUX_LIMITS_H 1
| #define HAVE_BYTESWAP_H 1
| #define HAVE_SYS_TIME_H 1
| #define HAVE_SYS_STAT_H 1
| #define HAVE_SYS_SOCKET_H 1
| #define HAVE_NETINET_IN_H 1
| /* end confdefs.h.  */
| #define __USE_GNU
| #include<pthread.h>
| int
| main ()
| {
| pthread_setname_np(pthread_self(), "myname");
|   ;
|   return 0;
| }
configure:14722: checking if RRL_SUPPORT has been disabled
configure:14750: result: no
configure:14801: checking if MESSAGES_SUPPORT has been enabled
configure:14851: result: no
configure:14878: checking if MASTER_SUPPORT has been disabled
configure:14906: result: no
configure:14959: checking if CTRL has been enabled
configure:15009: result: no
configure:15035: checking if NSID_SUPPORT has been disabled
configure:15063: result: no
configure:15112: checking if DYNUPDATE_SUPPORT has been disabled
configure:15140: result: no
configure:15189: checking if RRSIG_MANAGEMENT_SUPPORT has been disabled
configure:15217: result: no
configure:15269: checking if logdir has been given
configure:15323: result: no
configure:15418: checking if sockaddr has a sa_len field
configure:15450: result: no
configure:15469: checking if sockaddr_in has a sin_len field
configure:15501: result: no
configure:15520: checking if sockaddr_in6 has a sin6_len field
configure:15552: result: no
configure:15575: checking if LTO has been enabled
configure:15584: result: no
configure:15800: checking that generated files are newer than configure
configure:15806: result: done
configure:16361: creating ./config.status

## ---------------------- ##
## Running config.status. ##
## ---------------------- ##

This file was extended by yadifa config.status 2.0.4-4585, which was
generated by GNU Autoconf 2.69.  Invocation command line was

  CONFIG_FILES    = 
  CONFIG_HEADERS  = 
  CONFIG_LINKS    = 
  CONFIG_COMMANDS = 
  $ ./config.status 

on ericdf

config.status:1282: creating Makefile
config.status:1282: creating etc/Makefile
config.status:1282: creating doc/Makefile
config.status:1282: creating var/Makefile
config.status:1282: creating yadifa-config.h
config.status:1511: executing depfiles commands
config.status:1511: executing libtool commands
configure:18654: === configuring in lib/dnscore (/tmp/yadifa-2.0.4-4585/lib/dnscore)
configure:18717: running /bin/sh ./configure --disable-option-checking '--prefix=/tmp/y204b'  --cache-file=/dev/null --srcdir=.
configure:18654: === configuring in lib/dnsdb (/tmp/yadifa-2.0.4-4585/lib/dnsdb)
configure:18717: running /bin/sh ./configure --disable-option-checking '--prefix=/tmp/y204b'  --cache-file=/dev/null --srcdir=.
configure:18654: === configuring in lib/dnszone (/tmp/yadifa-2.0.4-4585/lib/dnszone)
configure:18717: running /bin/sh ./configure --disable-option-checking '--prefix=/tmp/y204b'  --cache-file=/dev/null --srcdir=.
configure:18654: === configuring in sbin/yadifad (/tmp/yadifa-2.0.4-4585/sbin/yadifad)
configure:18717: running /bin/sh ./configure --disable-option-checking '--prefix=/tmp/y204b'  --cache-file=/dev/null --srcdir=.
configure:18654: === configuring in lib/dnslg (/tmp/yadifa-2.0.4-4585/lib/dnslg)
configure:18717: running /bin/sh ./configure --disable-option-checking '--prefix=/tmp/y204b'  --cache-file=/dev/null --srcdir=.
configure:18654: === configuring in bin/yadifa (/tmp/yadifa-2.0.4-4585/bin/yadifa)
configure:18717: running /bin/sh ./configure --disable-option-checking '--prefix=/tmp/y204b'  --cache-file=/dev/null --srcdir=.

## ---------------- ##
## Cache variables. ##
## ---------------- ##

ac_cv_build=x86_64-unknown-linux-gnu
ac_cv_c_compiler_gnu=yes
ac_cv_env_CC_set=
ac_cv_env_CC_value=
ac_cv_env_CFLAGS_set=
ac_cv_env_CFLAGS_value=
ac_cv_env_CPPFLAGS_set=
ac_cv_env_CPPFLAGS_value=
ac_cv_env_CPP_set=
ac_cv_env_CPP_value=
ac_cv_env_LDFLAGS_set=
ac_cv_env_LDFLAGS_value=
ac_cv_env_LIBS_set=
ac_cv_env_LIBS_value=
ac_cv_env_build_alias_set=
ac_cv_env_build_alias_value=
ac_cv_env_host_alias_set=
ac_cv_env_host_alias_value=
ac_cv_env_target_alias_set=
ac_cv_env_target_alias_value=
ac_cv_header_byteswap_h=yes
ac_cv_header_dlfcn_h=yes
ac_cv_header_endian_h=yes
ac_cv_header_fcntl_h=yes
ac_cv_header_i386_limits_h=no
ac_cv_header_inttypes_h=yes
ac_cv_header_linux_limits_h=yes
ac_cv_header_machine_endian_h=no
ac_cv_header_memory_h=yes
ac_cv_header_netinet6_in6_h=no
ac_cv_header_netinet_in_h=yes
ac_cv_header_ppc_limits_h=no
ac_cv_header_pthread_h=yes
ac_cv_header_stdc=yes
ac_cv_header_stdint_h=yes
ac_cv_header_stdio_h=yes
ac_cv_header_stdlib_h=yes
ac_cv_header_string_h=yes
ac_cv_header_strings_h=yes
ac_cv_header_sys_byteorder_h=no
ac_cv_header_sys_endian_h=no
ac_cv_header_sys_socket_h=yes
ac_cv_header_sys_stat_h=yes
ac_cv_header_sys_syslimits_h=no
ac_cv_header_sys_time_h=yes
ac_cv_header_sys_types_h=yes
ac_cv_header_syslog_h=yes
ac_cv_header_unistd_h=yes
ac_cv_host=x86_64-unknown-linux-gnu
ac_cv_objext=o
ac_cv_path_EGREP='/usr/bin/grep -E'
ac_cv_path_FGREP='/usr/bin/grep -F'
ac_cv_path_GREP=/usr/bin/grep
ac_cv_path_SED=/usr/bin/sed
ac_cv_path_install='/usr/bin/install -c'
ac_cv_path_mkdir=/usr/bin/mkdir
ac_cv_prog_AWK=gawk
ac_cv_prog_CPP='gcc -E'
ac_cv_prog_ac_ct_AR=ar
ac_cv_prog_ac_ct_CC=gcc
ac_cv_prog_ac_ct_OBJDUMP=objdump
ac_cv_prog_ac_ct_RANLIB=ranlib
ac_cv_prog_ac_ct_STRIP=strip
ac_cv_prog_cc_c89=
ac_cv_prog_cc_g=yes
ac_cv_prog_make_make_set=yes
ac_cv_sys_file_offset_bits=no
ac_cv_sys_largefile_CC=no
am_cv_CC_dependencies_compiler_type=none
am_cv_make_support_nested_variables=yes
am_cv_prog_cc_c_o=yes
am_cv_prog_tar_pax=gnutar
lt_cv_ar_at_file=@
lt_cv_deplibs_check_method=pass_all
lt_cv_file_magic_cmd='$MAGIC_CMD'
lt_cv_file_magic_test_file=
lt_cv_ld_reload_flag=-r
lt_cv_nm_interface='BSD nm'
lt_cv_objdir=.libs
lt_cv_path_LD=/usr/bin/ld
lt_cv_path_NM='/usr/bin/nm -B'
lt_cv_path_mainfest_tool=no
lt_cv_prog_compiler_c_o=yes
lt_cv_prog_compiler_pic='-fPIC -DPIC'
lt_cv_prog_compiler_pic_works=yes
lt_cv_prog_compiler_rtti_exceptions=no
lt_cv_prog_compiler_static_works=yes
lt_cv_prog_gnu_ld=yes
lt_cv_sharedlib_from_linklib_cmd='printf %s\n'
lt_cv_shlibpath_overrides_runpath=no
lt_cv_sys_global_symbol_pipe='sed -n -e '\''s/^.*[	 ]\([ABCDGIRSTW][ABCDGIRSTW]*\)[	 ][	 ]*\([_A-Za-z][_A-Za-z0-9]*\)$/\1 \2 \2/p'\'' | sed '\''/ __gnu_lto/d'\'''
lt_cv_sys_global_symbol_to_c_name_address='sed -n -e '\''s/^: \([^ ]*\)[ ]*$/  {\"\1\", (void *) 0},/p'\'' -e '\''s/^[ABCDGIRSTW]* \([^ ]*\) \([^ ]*\)$/  {"\2", (void *) \&\2},/p'\'''
lt_cv_sys_global_symbol_to_c_name_address_lib_prefix='sed -n -e '\''s/^: \([^ ]*\)[ ]*$/  {\"\1\", (void *) 0},/p'\'' -e '\''s/^[ABCDGIRSTW]* \([^ ]*\) \(lib[^ ]*\)$/  {"\2", (void *) \&\2},/p'\'' -e '\''s/^[ABCDGIRSTW]* \([^ ]*\) \([^ ]*\)$/  {"lib\2", (void *) \&\2},/p'\'''
lt_cv_sys_global_symbol_to_cdecl='sed -n -e '\''s/^T .* \(.*\)$/extern int \1();/p'\'' -e '\''s/^[ABCDGIRSTW]* .* \(.*\)$/extern char \1;/p'\'''
lt_cv_sys_max_cmd_len=1572864
lt_cv_to_host_file_cmd=func_convert_file_noop
lt_cv_to_tool_file_cmd=func_convert_file_noop

## ----------------- ##
## Output variables. ##
## ----------------- ##

ACLOCAL='${SHELL} /tmp/yadifa-2.0.4-4585/missing aclocal-1.14'
AMDEPBACKSLASH='\'
AMDEP_FALSE='#'
AMDEP_TRUE=''
AMTAR='$${TAR-tar}'
AM_BACKSLASH='\'
AM_DEFAULT_V='$(AM_DEFAULT_VERBOSITY)'
AM_DEFAULT_VERBOSITY='1'
AM_V='$(V)'
AR='ar'
AUTOCONF='${SHELL} /tmp/yadifa-2.0.4-4585/missing autoconf'
AUTOHEADER='${SHELL} /tmp/yadifa-2.0.4-4585/missing autoheader'
AUTOMAKE='${SHELL} /tmp/yadifa-2.0.4-4585/missing automake-1.14'
AWK='gawk'
CC='gcc'
CCDEPMODE='depmode=none'
CCOPTIMISATIONFLAGS='-O3'
CFLAGS=''
CPP='gcc -E'
CPPFLAGS=''
CYGPATH_W='echo'
DEFS='-DHAVE_CONFIG_H'
DEPDIR='.deps'
DLLTOOL='false'
DSYMUTIL=''
DUMPBIN=''
ECHO_C=''
ECHO_N='-n'
ECHO_T=''
EGREP='/usr/bin/grep -E'
EXEEXT=''
FGREP='/usr/bin/grep -F'
FORCE32BITS_FALSE=''
FORCE32BITS_TRUE='#'
FORCE64BITS_FALSE=''
FORCE64BITS_TRUE='#'
GREP='/usr/bin/grep'
HAS_ACL_SUPPORT_FALSE='#'
HAS_ACL_SUPPORT_TRUE=''
HAS_BIG_ENDIAN=''
HAS_BIG_ENDIAN_FALSE=''
HAS_BIG_ENDIAN_TRUE='#'
HAS_CC_ADDRESS_SANITIZER_CHECK=''
HAS_CC_ADDRESS_SANITIZER_CHECK_FALSE=''
HAS_CC_ADDRESS_SANITIZER_CHECK_TRUE='#'
HAS_CC_ANSI=''
HAS_CC_ANSI_ALIAS=''
HAS_CC_ANSI_ALIAS_FALSE=''
HAS_CC_ANSI_ALIAS_TRUE='#'
HAS_CC_ANSI_FALSE='#'
HAS_CC_ANSI_TRUE=''
HAS_CC_CATCH_UNDEFINED_BEHAVIOR=''
HAS_CC_CATCH_UNDEFINED_BEHAVIOR_FALSE=''
HAS_CC_CATCH_UNDEFINED_BEHAVIOR_TRUE='#'
HAS_CC_DWARF2=''
HAS_CC_DWARF2_FALSE='#'
HAS_CC_DWARF2_TRUE=''
HAS_CC_DWARF3=''
HAS_CC_DWARF3_FALSE='#'
HAS_CC_DWARF3_TRUE=''
HAS_CC_DWARF4=''
HAS_CC_DWARF4_FALSE='#'
HAS_CC_DWARF4_TRUE=''
HAS_CC_EXCEPTIONS=''
HAS_CC_EXCEPTIONS_FALSE='#'
HAS_CC_EXCEPTIONS_TRUE=''
HAS_CC_G3=''
HAS_CC_G3_FALSE='#'
HAS_CC_G3_TRUE=''
HAS_CC_G=''
HAS_CC_G_FALSE='#'
HAS_CC_G_TRUE=''
HAS_CC_M32=''
HAS_CC_M32_FALSE='#'
HAS_CC_M32_TRUE=''
HAS_CC_M64=''
HAS_CC_M64_FALSE='#'
HAS_CC_M64_TRUE=''
HAS_CC_MISSING_FIELD_INITIALIZERS=''
HAS_CC_MISSING_FIELD_INITIALIZERS_FALSE='#'
HAS_CC_MISSING_FIELD_INITIALIZERS_TRUE=''
HAS_CC_NO_IDENT=''
HAS_CC_NO_IDENT_FALSE='#'
HAS_CC_NO_IDENT_TRUE=''
HAS_CC_NO_OMIT_FRAME_POINTER=''
HAS_CC_NO_OMIT_FRAME_POINTER_FALSE='#'
HAS_CC_NO_OMIT_FRAME_POINTER_TRUE=''
HAS_CC_PEDANTIC=''
HAS_CC_PEDANTIC_FALSE='#'
HAS_CC_PEDANTIC_TRUE=''
HAS_CC_RDYNAMIC=''
HAS_CC_RDYNAMIC_FALSE='#'
HAS_CC_RDYNAMIC_TRUE=''
HAS_CC_SANITIZE_ADDRESS=''
HAS_CC_SANITIZE_ADDRESS_FALSE='#'
HAS_CC_SANITIZE_ADDRESS_TRUE=''
HAS_CC_STACK_PROTECTOR=''
HAS_CC_STACK_PROTECTOR_FALSE='#'
HAS_CC_STACK_PROTECTOR_TRUE=''
HAS_CC_STD_C99=''
HAS_CC_STD_C99_FALSE='#'
HAS_CC_STD_C99_TRUE=''
HAS_CC_STD_GNU99=''
HAS_CC_STD_GNU99_FALSE='#'
HAS_CC_STD_GNU99_TRUE=''
HAS_CC_TUNE_NATIVE=''
HAS_CC_TUNE_NATIVE_FALSE='#'
HAS_CC_TUNE_NATIVE_TRUE=''
HAS_CC_WALL=''
HAS_CC_WALL_FALSE='#'
HAS_CC_WALL_TRUE=''
HAS_CC_XC99=''
HAS_CC_XC99_FALSE=''
HAS_CC_XC99_TRUE='#'
HAS_CPU_AMDINTEL_FALSE='#'
HAS_CPU_AMDINTEL_TRUE=''
HAS_CPU_NIAGARA_FALSE=''
HAS_CPU_NIAGARA_TRUE='#'
HAS_CTRL=''
HAS_CTRL_FALSE=''
HAS_CTRL_TRUE='#'
HAS_DNSSEC_SUPPORT_FALSE='#'
HAS_DNSSEC_SUPPORT_TRUE=''
HAS_DYNUPDATE_SUPPORT=''
HAS_DYNUPDATE_SUPPORT_FALSE='#'
HAS_DYNUPDATE_SUPPORT_TRUE=''
HAS_LITTLE_ENDIAN=''
HAS_LITTLE_ENDIAN_FALSE='#'
HAS_LITTLE_ENDIAN_TRUE=''
HAS_LOGDIR=''
HAS_LOGDIR_FALSE=''
HAS_LOGDIR_TRUE='#'
HAS_LTO_SUPPORT_FALSE=''
HAS_LTO_SUPPORT_TRUE='#'
HAS_MASTER_SUPPORT=''
HAS_MASTER_SUPPORT_FALSE='#'
HAS_MASTER_SUPPORT_TRUE=''
HAS_MEMALIGN_ISSUES_FALSE='#'
HAS_MEMALIGN_ISSUES_TRUE=''
HAS_MESSAGES_SUPPORT=''
HAS_MESSAGES_SUPPORT_FALSE=''
HAS_MESSAGES_SUPPORT_TRUE='#'
HAS_MIRROR_SUPPORT_FALSE=''
HAS_MIRROR_SUPPORT_TRUE='#'
HAS_NSEC3_SUPPORT_FALSE='#'
HAS_NSEC3_SUPPORT_TRUE=''
HAS_NSEC_SUPPORT_FALSE='#'
HAS_NSEC_SUPPORT_TRUE=''
HAS_NSID_SUPPORT=''
HAS_NSID_SUPPORT_FALSE='#'
HAS_NSID_SUPPORT_TRUE=''
HAS_RRL_SUPPORT=''
HAS_RRL_SUPPORT_FALSE='#'
HAS_RRL_SUPPORT_TRUE=''
HAS_RRSIG_MANAGEMENT_SUPPORT=''
HAS_RRSIG_MANAGEMENT_SUPPORT_FALSE='#'
HAS_RRSIG_MANAGEMENT_SUPPORT_TRUE=''
HAS_SOCKADDR_IN6_SIN6_LEN_FALSE=''
HAS_SOCKADDR_IN6_SIN6_LEN_TRUE='#'
HAS_SOCKADDR_IN_SIN_LEN_FALSE=''
HAS_SOCKADDR_IN_SIN_LEN_TRUE='#'
HAS_SOCKADDR_SA_LEN_FALSE=''
HAS_SOCKADDR_SA_LEN_TRUE='#'
HAS_TOOLS=''
HAS_TOOLS_FALSE='#'
HAS_TOOLS_TRUE=''
HAS_TSIG_SUPPORT_FALSE='#'
HAS_TSIG_SUPPORT_TRUE=''
INSTALL_DATA='${INSTALL} -m 644'
INSTALL_PROGRAM='${INSTALL}'
INSTALL_SCRIPT='${INSTALL}'
INSTALL_STRIP_PROGRAM='$(install_sh) -c -s'
IS_BSD_FAMILY=''
IS_BSD_FAMILY_FALSE=''
IS_BSD_FAMILY_TRUE='#'
IS_DARWIN_OS=''
IS_DARWIN_OS_FALSE=''
IS_DARWIN_OS_TRUE='#'
IS_LINUX_FAMILY=''
IS_LINUX_FAMILY_FALSE='#'
IS_LINUX_FAMILY_TRUE=''
IS_SOLARIS_FAMILY=''
IS_SOLARIS_FAMILY_FALSE=''
IS_SOLARIS_FAMILY_TRUE='#'
LD='/usr/bin/ld -m elf_x86_64'
LDFLAGS=''
LIBOBJS=''
LIBS=''
LIBTOOL='$(SHELL) $(top_builddir)/libtool'
LIPO=''
LN_S='ln -s'
LTLIBOBJS=''
MAKEINFO='${SHELL} /tmp/yadifa-2.0.4-4585/missing makeinfo'
MANIFEST_TOOL=':'
MKDIR_P='/usr/bin/mkdir -p'
NM='/usr/bin/nm -B'
NMEDIT=''
OBJDUMP='objdump'
OBJEXT='o'
OTOOL64=''
OTOOL=''
PACKAGE='yadifa'
PACKAGE_BUGREPORT='info@yadifa.eu'
PACKAGE_NAME='yadifa'
PACKAGE_STRING='yadifa 2.0.4-4585'
PACKAGE_TARNAME='yadifa'
PACKAGE_URL=''
PACKAGE_VERSION='2.0.4-4585'
PATH_SEPARATOR=':'
RANLIB='ranlib'
SED='/usr/bin/sed'
SET_MAKE=''
SHELL='/bin/sh'
STRIP='strip'
USES_CLANG_FALSE=''
USES_CLANG_TRUE='#'
USES_GCC_FALSE='#'
USES_GCC_TRUE=''
USES_ICC_FALSE=''
USES_ICC_TRUE='#'
USES_SUNC_FALSE=''
USES_SUNC_TRUE='#'
USES_UNKNOWN_FALSE=''
USES_UNKNOWN_TRUE='#'
VERSION='2.0.4-4585'
ac_ct_AR='ar'
ac_ct_CC='gcc'
ac_ct_DUMPBIN=''
am__EXEEXT_FALSE=''
am__EXEEXT_TRUE='#'
am__fastdepCC_FALSE=''
am__fastdepCC_TRUE='#'
am__include='include'
am__isrc=''
am__leading_dot='.'
am__nodep='_no'
am__quote=''
am__tar='tar --format=posix -chf - "$$tardir"'
am__untar='tar -xf -'
bindir='${exec_prefix}/bin'
build='x86_64-unknown-linux-gnu'
build_alias=''
build_cpu='x86_64'
build_os='linux-gnu'
build_vendor='unknown'
datadir='${datarootdir}'
datarootdir='${prefix}/share'
docdir='${datarootdir}/doc/${PACKAGE_TARNAME}'
dvidir='${docdir}'
exec_prefix='${prefix}'
host='x86_64-unknown-linux-gnu'
host_alias=''
host_cpu='x86_64'
host_os='linux-gnu'
host_vendor='unknown'
htmldir='${docdir}'
includedir='${prefix}/include'
infodir='${datarootdir}/info'
install_sh='${SHELL} /tmp/yadifa-2.0.4-4585/install-sh'
libdir='${exec_prefix}/lib'
libexecdir='${exec_prefix}/libexec'
localedir='${datarootdir}/locale'
localstatedir='${prefix}/var'
logdir='${prefix}/var/log/yadifa'
mandir='${datarootdir}/man'
mkdir_p='$(MKDIR_P)'
oldincludedir='/usr/include'
pdfdir='${docdir}'
prefix='/tmp/y204b'
program_transform_name='s,x,x,'
psdir='${docdir}'
sbindir='${exec_prefix}/sbin'
sharedstatedir='${prefix}/com'
subdirs=' lib/dnscore lib/dnsdb lib/dnszone sbin/yadifad lib/dnslg bin/yadifa'
sysconfdir='${prefix}/etc'
target_alias=''

## ----------- ##
## confdefs.h. ##
## ----------- ##

/* confdefs.h */
#define PACKAGE_NAME "yadifa"
#define PACKAGE_TARNAME "yadifa"
#define PACKAGE_VERSION "2.0.4-4585"
#define PACKAGE_STRING "yadifa 2.0.4-4585"
#define PACKAGE_BUGREPORT "info@yadifa.eu"
#define PACKAGE_URL ""
#define PACKAGE "yadifa"
#define VERSION "2.0.4-4585"
#define HAS_TOOLS 1
#define STDC_HEADERS 1
#define HAVE_SYS_TYPES_H 1
#define HAVE_SYS_STAT_H 1
#define HAVE_STDLIB_H 1
#define HAVE_STRING_H 1
#define HAVE_MEMORY_H 1
#define HAVE_STRINGS_H 1
#define HAVE_INTTYPES_H 1
#define HAVE_STDINT_H 1
#define HAVE_UNISTD_H 1
#define HAVE_DLFCN_H 1
#define LT_OBJDIR ".libs/"
#define IS_DARWIN_OS 0
#define IS_BSD_FAMILY 0
#define IS_LINUX_FAMILY 1
#define IS_SOLARIS_FAMILY 0
#define DEFAULT_ASSUMED_CPU_COUNT 2
#define HAS_CPU_AMDINTEL 1
#define HAS_MEMALIGN_ISSUES 0
#define HAVE_STDLIB_H 1
#define HAVE_STDIO_H 1
#define HAVE_UNISTD_H 1
#define HAVE_STRING_H 1
#define HAVE_ENDIAN_H 1
#define HAVE_SYSLOG_H 1
#define HAVE_FCNTL_H 1
#define HAVE_PTHREAD_H 1
#define HAVE_LINUX_LIMITS_H 1
#define HAVE_BYTESWAP_H 1
#define HAVE_SYS_TIME_H 1
#define HAVE_SYS_STAT_H 1
#define HAVE_SYS_SOCKET_H 1
#define HAVE_NETINET_IN_H 1
#define HAS_RRL_SUPPORT 1
#define HAS_MESSAGES_SUPPORT 0
#define HAS_MASTER_SUPPORT 1
#define HAS_CTRL 0
#define HAS_NSID_SUPPORT 1
#define HAS_DYNUPDATE_SUPPORT 1
#define HAS_RRSIG_MANAGEMENT_SUPPORT 1
#define HAS_LOGDIR 0
#define HAS_ACL_SUPPORT 1
#define HAS_TSIG_SUPPORT 1
#define HAS_DNSSEC_SUPPORT 1
#define HAS_NSEC3_SUPPORT 1
#define HAS_NSEC_SUPPORT 1
#define HAS_MIRROR_SUPPORT 0
#define HAS_SOCKADDR_SA_LEN 0
#define HAS_SOCKADDR_IN_SIN_LEN 0
#define HAS_SOCKADDR_IN6_SIN6_LEN 0

configure: exit 0
